<?xml version="1.0" encoding="UTF-8"?>
<testng-results skipped="0" failed="0" total="3" passed="3">
  <reporter-output>
  </reporter-output>
  <suite name="Suite" duration-ms="29596" started-at="2019-01-29T12:14:51Z" finished-at="2019-01-29T12:15:21Z">
    <groups>
    </groups>
    <test name="Test" duration-ms="29596" started-at="2019-01-29T12:14:51Z" finished-at="2019-01-29T12:15:21Z">
      <class name="testcases.TC_002">
        <test-method status="PASS" signature="testcase1()[pri:0, instance:testcases.TC_002@cb5822]" name="testcase1" duration-ms="8805" started-at="2019-01-29T13:15:03Z" finished-at="2019-01-29T13:15:12Z">
          <reporter-output>
          </reporter-output>
        </test-method> <!-- testcase1 -->
      </class> <!-- testcases.TC_002 -->
      <class name="testcases.TC_001">
        <test-method status="PASS" signature="testcase1()[pri:0, instance:testcases.TC_001@55f3ddb1]" name="testcase1" duration-ms="11351" started-at="2019-01-29T13:14:51Z" finished-at="2019-01-29T13:15:03Z">
          <reporter-output>
          </reporter-output>
        </test-method> <!-- testcase1 -->
      </class> <!-- testcases.TC_001 -->
      <class name="testcases.TC_003">
        <test-method status="PASS" signature="testcase1()[pri:0, instance:testcases.TC_003@4b9e13df]" name="testcase1" duration-ms="9410" started-at="2019-01-29T13:15:12Z" finished-at="2019-01-29T13:15:21Z">
          <reporter-output>
          </reporter-output>
        </test-method> <!-- testcase1 -->
      </class> <!-- testcases.TC_003 -->
    </test> <!-- Test -->
  </suite> <!-- Suite -->
</testng-results>
